<html>
<head>
<title>TestNG:  Command line test</title>
<link href="../testng.css" rel="stylesheet" type="text/css" />
<link href="../my-testng.css" rel="stylesheet" type="text/css" />

<style type="text/css">
.log { display: none;} 
.stack-trace { display: none;} 
</style>
<script type="text/javascript">
<!--
function flip(e) {
  current = e.style.display;
  if (current == 'block') {
    e.style.display = 'none';
    return 0;
  }
  else {
    e.style.display = 'block';
    return 1;
  }
}

function toggleBox(szDivId, elem, msg1, msg2)
{
  var res = -1;  if (document.getElementById) {
    res = flip(document.getElementById(szDivId));
  }
  else if (document.all) {
    // this is the way old msie versions work
    res = flip(document.all[szDivId]);
  }
  if(elem) {
    if(res == 0) elem.innerHTML = msg1; else elem.innerHTML = msg2;
  }

}

function toggleAllBoxes() {
  if (document.getElementsByTagName) {
    d = document.getElementsByTagName('div');
    for (i = 0; i < d.length; i++) {
      if (d[i].className == 'log') {
        flip(d[i]);
      }
    }
  }
}

// -->
</script>

</head>
<body>
<h2 align='center'>Command line test</h2><table border='1' align="center">
<tr>
<td>Tests passed/Failed/Skipped:</td><td>33/0/0</td>
</tr><tr>
<td>Started on:</td><td>Mon Apr 12 01:27:07 IRDT 2021</td>
</tr>
<tr><td>Total time:</td><td>0 seconds (490 ms)</td>
</tr><tr>
<td>Included groups:</td><td></td>
</tr><tr>
<td>Excluded groups:</td><td></td>
</tr>
</table><p/>
<small><i>(Hover the method name to see the test class name)</i></small><p/>
<table width='100%' border='1' class='invocation-passed'>
<tr><td colspan='4' align='center'><b>PASSED TESTS</b></td></tr>
<tr><td><b>Test method</b></td>
<td width="30%"><b>Exception</b></td>
<td width="10%"><b>Time (seconds)</b></td>
<td><b>Instance</b></td>
</tr>
<tr>
<td title='ir.fanap.test.business.NationalCodeBusinessImplTest.testGetPersonUniqueCode()'><b>testGetPersonUniqueCode</b><br>Test class: ir.fanap.test.business.NationalCodeBusinessImplTest<br>Parameters: NationalCode{nationalCode='1111111111', inputDateTime=null, isValid=false}, 111111</td>
<td></td>
<td>0</td>
<td>ir.fanap.test.business.NationalCodeBusinessImplTest@402a079c</td></tr>
<tr>
<td title='ir.fanap.test.business.NationalCodeBusinessImplTest.testGetStateCode()'><b>testGetStateCode</b><br>Test class: ir.fanap.test.business.NationalCodeBusinessImplTest<br>Parameters: NationalCode{nationalCode='1111111111', inputDateTime=null, isValid=false}, 111</td>
<td></td>
<td>0</td>
<td>ir.fanap.test.business.NationalCodeBusinessImplTest@402a079c</td></tr>
<tr>
<td title='ir.fanap.test.business.NationalCodeBusinessImplTest.testHasInValidLengthOrDigits()'><b>testHasInValidLengthOrDigits</b><br>Test class: ir.fanap.test.business.NationalCodeBusinessImplTest<br>Parameters: 87654321, false</td>
<td></td>
<td>0</td>
<td>ir.fanap.test.business.NationalCodeBusinessImplTest@402a079c</td></tr>
<tr>
<td title='ir.fanap.test.business.NationalCodeBusinessImplTest.testGetStateCode()'><b>testGetStateCode</b><br>Test class: ir.fanap.test.business.NationalCodeBusinessImplTest<br>Parameters: NationalCode{nationalCode='5889286706', inputDateTime=2021/04/12 01:27:08, isValid=true}, 588</td>
<td></td>
<td>0</td>
<td>ir.fanap.test.business.NationalCodeBusinessImplTest@402a079c</td></tr>
<tr>
<td title='ir.fanap.test.business.NationalCodeBusinessImplTest.testCalculateNationalCodeLastDigit()'><b>testCalculateNationalCodeLastDigit</b><br>Test class: ir.fanap.test.business.NationalCodeBusinessImplTest<br>Parameters: 5889286706, 6</td>
<td></td>
<td>0</td>
<td>ir.fanap.test.business.NationalCodeBusinessImplTest@402a079c</td></tr>
<tr>
<td title='ir.fanap.test.business.NationalCodeBusinessImplTest.testGetStateCode()'><b>testGetStateCode</b><br>Test class: ir.fanap.test.business.NationalCodeBusinessImplTest<br>Parameters: NationalCode{nationalCode='4310928838', inputDateTime=null, isValid=false}, 431</td>
<td></td>
<td>0</td>
<td>ir.fanap.test.business.NationalCodeBusinessImplTest@402a079c</td></tr>
<tr>
<td title='ir.fanap.test.business.NationalCodeBusinessImplTest.testHasInValidLengthOrDigits()'><b>testHasInValidLengthOrDigits</b><br>Test class: ir.fanap.test.business.NationalCodeBusinessImplTest<br>Parameters: 2222, true</td>
<td></td>
<td>0</td>
<td>ir.fanap.test.business.NationalCodeBusinessImplTest@402a079c</td></tr>
<tr>
<td title='ir.fanap.test.business.NationalCodeBusinessImplTest.testHasInValidLengthOrDigits()'><b>testHasInValidLengthOrDigits</b><br>Test class: ir.fanap.test.business.NationalCodeBusinessImplTest<br>Parameters: 1010101010, false</td>
<td></td>
<td>0</td>
<td>ir.fanap.test.business.NationalCodeBusinessImplTest@402a079c</td></tr>
<tr>
<td title='ir.fanap.test.business.NationalCodeBusinessImplTest.testHasInValidLengthOrDigits()'><b>testHasInValidLengthOrDigits</b><br>Test class: ir.fanap.test.business.NationalCodeBusinessImplTest<br>Parameters: 8888888888888, true</td>
<td></td>
<td>0</td>
<td>ir.fanap.test.business.NationalCodeBusinessImplTest@402a079c</td></tr>
<tr>
<td title='ir.fanap.test.business.NationalCodeBusinessImplTest.testHasInValidLengthOrDigits()'><b>testHasInValidLengthOrDigits</b><br>Test class: ir.fanap.test.business.NationalCodeBusinessImplTest<br>Parameters: 123456, true</td>
<td></td>
<td>0</td>
<td>ir.fanap.test.business.NationalCodeBusinessImplTest@402a079c</td></tr>
<tr>
<td title='ir.fanap.test.business.NationalCodeBusinessImplTest.testGetStateCode()'><b>testGetStateCode</b><br>Test class: ir.fanap.test.business.NationalCodeBusinessImplTest<br>Parameters: NationalCode{nationalCode='1234567', inputDateTime=null, isValid=false}, 123</td>
<td></td>
<td>0</td>
<td>ir.fanap.test.business.NationalCodeBusinessImplTest@402a079c</td></tr>
<tr>
<td title='ir.fanap.test.business.NationalCodeBusinessImplTest.testGetStateCode()'><b>testGetStateCode</b><br>Test class: ir.fanap.test.business.NationalCodeBusinessImplTest</td>
<td><div><pre>java.lang.NullPointerException
	at ir.fanap.business.NationalCodeBusinessImpl.getStateCode(NationalCodeBusinessImpl.java:52)
	at ir.fanap.test.business.NationalCodeBusinessImplTest.testGetStateCode(NationalCodeBusinessImplTest.java:95)
	at java.util.ArrayList.forEach(ArrayList.java:1249)
... Removed 37 stack frames</pre></div><a href='#' onClick='toggleBox("stack-trace191037037", this, "Click to show all stack frames", "Click to hide stack frames")'>Click to show all stack frames</a>
<div class='stack-trace' id='stack-trace191037037'><pre>java.lang.NullPointerException
	at ir.fanap.business.NationalCodeBusinessImpl.getStateCode(NationalCodeBusinessImpl.java:52)
	at ir.fanap.test.business.NationalCodeBusinessImplTest.testGetStateCode(NationalCodeBusinessImplTest.java:95)
	at sun.reflect.NativeMethodAccessorImpl.invoke0(Native Method)
	at sun.reflect.NativeMethodAccessorImpl.invoke(NativeMethodAccessorImpl.java:62)
	at sun.reflect.DelegatingMethodAccessorImpl.invoke(DelegatingMethodAccessorImpl.java:43)
	at java.lang.reflect.Method.invoke(Method.java:483)
	at org.testng.internal.MethodInvocationHelper.invokeMethod(MethodInvocationHelper.java:133)
	at org.testng.internal.TestInvoker.invokeMethod(TestInvoker.java:598)
	at org.testng.internal.TestInvoker.invokeTestMethod(TestInvoker.java:173)
	at org.testng.internal.MethodRunner.runInSequence(MethodRunner.java:46)
	at org.testng.internal.TestInvoker$MethodInvocationAgent.invoke(TestInvoker.java:824)
	at org.testng.internal.TestInvoker.invokeTestMethods(TestInvoker.java:146)
	at org.testng.internal.TestMethodWorker.invokeTestMethods(TestMethodWorker.java:146)
	at org.testng.internal.TestMethodWorker.run(TestMethodWorker.java:128)
	at org.testng.TestRunner$$Lambda$95/979294118.accept(Unknown Source)
	at java.util.ArrayList.forEach(ArrayList.java:1249)
	at org.testng.TestRunner.privateRun(TestRunner.java:794)
	at org.testng.TestRunner.run(TestRunner.java:596)
	at org.testng.SuiteRunner.runTest(SuiteRunner.java:377)
	at org.testng.SuiteRunner.runSequentially(SuiteRunner.java:371)
	at org.testng.SuiteRunner.privateRun(SuiteRunner.java:332)
	at org.testng.SuiteRunner.run(SuiteRunner.java:276)
	at org.testng.SuiteRunnerWorker.runSuite(SuiteRunnerWorker.java:53)
	at org.testng.SuiteRunnerWorker.run(SuiteRunnerWorker.java:96)
	at org.testng.TestNG.runSuitesSequentially(TestNG.java:1212)
	at org.testng.TestNG.runSuitesLocally(TestNG.java:1134)
	at org.testng.TestNG.runSuites(TestNG.java:1063)
	at org.testng.TestNG.run(TestNG.java:1031)
	at org.apache.maven.surefire.testng.TestNGExecutor.run(TestNGExecutor.java:77)
	at org.apache.maven.surefire.testng.TestNGDirectoryTestSuite.execute(TestNGDirectoryTestSuite.java:110)
	at org.apache.maven.surefire.testng.TestNGProvider.invoke(TestNGProvider.java:106)
	at sun.reflect.NativeMethodAccessorImpl.invoke0(Native Method)
	at sun.reflect.NativeMethodAccessorImpl.invoke(NativeMethodAccessorImpl.java:62)
	at sun.reflect.DelegatingMethodAccessorImpl.invoke(DelegatingMethodAccessorImpl.java:43)
	at java.lang.reflect.Method.invoke(Method.java:483)
	at org.apache.maven.surefire.util.ReflectionUtils.invokeMethodWithArray(ReflectionUtils.java:189)
	at org.apache.maven.surefire.booter.ProviderFactory$ProviderProxy.invoke(ProviderFactory.java:165)
	at org.apache.maven.surefire.booter.ProviderFactory.invokeProvider(ProviderFactory.java:85)
	at org.apache.maven.surefire.booter.ForkedBooter.runSuitesInProcess(ForkedBooter.java:115)
	at org.apache.maven.surefire.booter.ForkedBooter.main(ForkedBooter.java:75)
</pre></div></td>
<td>0</td>
<td>ir.fanap.test.business.NationalCodeBusinessImplTest@402a079c</td></tr>
<tr>
<td title='ir.fanap.test.business.NationalCodeBusinessImplTest.testHasInValidLengthOrDigits()'><b>testHasInValidLengthOrDigits</b><br>Test class: ir.fanap.test.business.NationalCodeBusinessImplTest</td>
<td><div><pre>java.lang.NullPointerException
	at ir.fanap.business.NationalCodeBusinessImpl.hasInValidLengthOrDigits(NationalCodeBusinessImpl.java:37)
	at ir.fanap.test.business.NationalCodeBusinessImplTest.testHasInValidLengthOrDigits(NationalCodeBusinessImplTest.java:117)
	at java.util.ArrayList.forEach(ArrayList.java:1249)
... Removed 37 stack frames</pre></div><a href='#' onClick='toggleBox("stack-trace433287555", this, "Click to show all stack frames", "Click to hide stack frames")'>Click to show all stack frames</a>
<div class='stack-trace' id='stack-trace433287555'><pre>java.lang.NullPointerException
	at ir.fanap.business.NationalCodeBusinessImpl.hasInValidLengthOrDigits(NationalCodeBusinessImpl.java:37)
	at ir.fanap.test.business.NationalCodeBusinessImplTest.testHasInValidLengthOrDigits(NationalCodeBusinessImplTest.java:117)
	at sun.reflect.NativeMethodAccessorImpl.invoke0(Native Method)
	at sun.reflect.NativeMethodAccessorImpl.invoke(NativeMethodAccessorImpl.java:62)
	at sun.reflect.DelegatingMethodAccessorImpl.invoke(DelegatingMethodAccessorImpl.java:43)
	at java.lang.reflect.Method.invoke(Method.java:483)
	at org.testng.internal.MethodInvocationHelper.invokeMethod(MethodInvocationHelper.java:133)
	at org.testng.internal.TestInvoker.invokeMethod(TestInvoker.java:598)
	at org.testng.internal.TestInvoker.invokeTestMethod(TestInvoker.java:173)
	at org.testng.internal.MethodRunner.runInSequence(MethodRunner.java:46)
	at org.testng.internal.TestInvoker$MethodInvocationAgent.invoke(TestInvoker.java:824)
	at org.testng.internal.TestInvoker.invokeTestMethods(TestInvoker.java:146)
	at org.testng.internal.TestMethodWorker.invokeTestMethods(TestMethodWorker.java:146)
	at org.testng.internal.TestMethodWorker.run(TestMethodWorker.java:128)
	at org.testng.TestRunner$$Lambda$95/979294118.accept(Unknown Source)
	at java.util.ArrayList.forEach(ArrayList.java:1249)
	at org.testng.TestRunner.privateRun(TestRunner.java:794)
	at org.testng.TestRunner.run(TestRunner.java:596)
	at org.testng.SuiteRunner.runTest(SuiteRunner.java:377)
	at org.testng.SuiteRunner.runSequentially(SuiteRunner.java:371)
	at org.testng.SuiteRunner.privateRun(SuiteRunner.java:332)
	at org.testng.SuiteRunner.run(SuiteRunner.java:276)
	at org.testng.SuiteRunnerWorker.runSuite(SuiteRunnerWorker.java:53)
	at org.testng.SuiteRunnerWorker.run(SuiteRunnerWorker.java:96)
	at org.testng.TestNG.runSuitesSequentially(TestNG.java:1212)
	at org.testng.TestNG.runSuitesLocally(TestNG.java:1134)
	at org.testng.TestNG.runSuites(TestNG.java:1063)
	at org.testng.TestNG.run(TestNG.java:1031)
	at org.apache.maven.surefire.testng.TestNGExecutor.run(TestNGExecutor.java:77)
	at org.apache.maven.surefire.testng.TestNGDirectoryTestSuite.execute(TestNGDirectoryTestSuite.java:110)
	at org.apache.maven.surefire.testng.TestNGProvider.invoke(TestNGProvider.java:106)
	at sun.reflect.NativeMethodAccessorImpl.invoke0(Native Method)
	at sun.reflect.NativeMethodAccessorImpl.invoke(NativeMethodAccessorImpl.java:62)
	at sun.reflect.DelegatingMethodAccessorImpl.invoke(DelegatingMethodAccessorImpl.java:43)
	at java.lang.reflect.Method.invoke(Method.java:483)
	at org.apache.maven.surefire.util.ReflectionUtils.invokeMethodWithArray(ReflectionUtils.java:189)
	at org.apache.maven.surefire.booter.ProviderFactory$ProviderProxy.invoke(ProviderFactory.java:165)
	at org.apache.maven.surefire.booter.ProviderFactory.invokeProvider(ProviderFactory.java:85)
	at org.apache.maven.surefire.booter.ForkedBooter.runSuitesInProcess(ForkedBooter.java:115)
	at org.apache.maven.surefire.booter.ForkedBooter.main(ForkedBooter.java:75)
</pre></div></td>
<td>0</td>
<td>ir.fanap.test.business.NationalCodeBusinessImplTest@402a079c</td></tr>
<tr>
<td title='ir.fanap.test.business.NationalCodeBusinessImplTest.testGetPersonUniqueCode()'><b>testGetPersonUniqueCode</b><br>Test class: ir.fanap.test.business.NationalCodeBusinessImplTest<br>Parameters: NationalCode{nationalCode='4769567852', inputDateTime=null, isValid=false}, 956785</td>
<td></td>
<td>0</td>
<td>ir.fanap.test.business.NationalCodeBusinessImplTest@402a079c</td></tr>
<tr>
<td title='ir.fanap.test.business.NationalCodeBusinessImplTest.testHasInValidLengthOrDigits()'><b>testHasInValidLengthOrDigits</b><br>Test class: ir.fanap.test.business.NationalCodeBusinessImplTest<br>Parameters: 333333333, true</td>
<td></td>
<td>0</td>
<td>ir.fanap.test.business.NationalCodeBusinessImplTest@402a079c</td></tr>
<tr>
<td title='ir.fanap.test.business.NationalCodeBusinessImplTest.testValidateNationalCode()'><b>testValidateNationalCode</b><br>Test class: ir.fanap.test.business.NationalCodeBusinessImplTest<br>Parameters: NationalCode{nationalCode='1111111111', inputDateTime=2021/04/12 01:27:08, isValid=false}</td>
<td></td>
<td>0</td>
<td>ir.fanap.test.business.NationalCodeBusinessImplTest@402a079c</td></tr>
<tr>
<td title='ir.fanap.test.business.NationalCodeBusinessImplTest.testValidateNationalCode()'><b>testValidateNationalCode</b><br>Test class: ir.fanap.test.business.NationalCodeBusinessImplTest<br>Parameters: NationalCode{nationalCode='1234567', inputDateTime=2021/04/12 01:27:08, isValid=false}</td>
<td></td>
<td>0</td>
<td>ir.fanap.test.business.NationalCodeBusinessImplTest@402a079c</td></tr>
<tr>
<td title='ir.fanap.test.business.NationalCodeBusinessImplTest.testGetPersonUniqueCode()'><b>testGetPersonUniqueCode</b><br>Test class: ir.fanap.test.business.NationalCodeBusinessImplTest<br>Parameters: NationalCode{nationalCode='5889286706', inputDateTime=null, isValid=false}, 928670</td>
<td></td>
<td>0</td>
<td>ir.fanap.test.business.NationalCodeBusinessImplTest@402a079c</td></tr>
<tr>
<td title='ir.fanap.test.business.NationalCodeBusinessImplTest.testValidateNationalCode()'><b>testValidateNationalCode</b><br>Test class: ir.fanap.test.business.NationalCodeBusinessImplTest<br>Parameters: NationalCode{nationalCode='588927678512', inputDateTime=2021/04/12 01:27:08, isValid=false}</td>
<td></td>
<td>0</td>
<td>ir.fanap.test.business.NationalCodeBusinessImplTest@402a079c</td></tr>
<tr>
<td title='ir.fanap.test.business.NationalCodeBusinessImplTest.testCalculateNationalCodeLastDigit()'><b>testCalculateNationalCodeLastDigit</b><br>Test class: ir.fanap.test.business.NationalCodeBusinessImplTest<br>Parameters: 4310928838, 8</td>
<td></td>
<td>0</td>
<td>ir.fanap.test.business.NationalCodeBusinessImplTest@402a079c</td></tr>
<tr>
<td title='ir.fanap.test.business.NationalCodeBusinessImplTest.testHasInValidLengthOrDigits()'><b>testHasInValidLengthOrDigits</b><br>Test class: ir.fanap.test.business.NationalCodeBusinessImplTest<br>Parameters: 526341859, false</td>
<td></td>
<td>0</td>
<td>ir.fanap.test.business.NationalCodeBusinessImplTest@402a079c</td></tr>
<tr>
<td title='ir.fanap.test.business.NationalCodeBusinessImplTest.testGetStateCode()'><b>testGetStateCode</b><br>Test class: ir.fanap.test.business.NationalCodeBusinessImplTest<br>Parameters: NationalCode{nationalCode='4769567852', inputDateTime=null, isValid=false}, 476</td>
<td></td>
<td>0</td>
<td>ir.fanap.test.business.NationalCodeBusinessImplTest@402a079c</td></tr>
<tr>
<td title='ir.fanap.test.business.NationalCodeBusinessImplTest.testCalculateNationalCodeLastDigit()'><b>testCalculateNationalCodeLastDigit</b><br>Test class: ir.fanap.test.business.NationalCodeBusinessImplTest</td>
<td><div><pre>java.lang.StringIndexOutOfBoundsException: String index out of range: 6
	at java.lang.String.charAt(String.java:646)
	at ir.fanap.business.NationalCodeBusinessImpl.lambda$calculateNationalCodeLastDigit$0(NationalCodeBusinessImpl.java:45)
	at ir.fanap.business.NationalCodeBusinessImpl$$Lambda$102/1593180232.applyAsInt(Unknown Source)
	at java.util.stream.IntPipeline$3$1.accept(IntPipeline.java:233)
	at java.util.stream.Streams$RangeIntSpliterator.forEachRemaining(Streams.java:110)
	at java.util.Spliterator$OfInt.forEachRemaining(Spliterator.java:693)
	at java.util.stream.AbstractPipeline.copyInto(AbstractPipeline.java:512)
	at java.util.stream.AbstractPipeline.wrapAndCopyInto(AbstractPipeline.java:502)
	at java.util.stream.ReduceOps$ReduceOp.evaluateSequential(ReduceOps.java:708)
	at java.util.stream.AbstractPipeline.evaluate(AbstractPipeline.java:234)
	at java.util.stream.IntPipeline.reduce(IntPipeline.java:456)
	at java.util.stream.IntPipeline.sum(IntPipeline.java:414)
	at ir.fanap.business.NationalCodeBusinessImpl.calculateNationalCodeLastDigit(NationalCodeBusinessImpl.java:46)
	at ir.fanap.test.business.NationalCodeBusinessImplTest.testCalculateNationalCodeLastDigit(NationalCodeBusinessImplTest.java:128)
	at java.util.ArrayList.forEach(ArrayList.java:1249)
... Removed 37 stack frames</pre></div><a href='#' onClick='toggleBox("stack-trace1405747618", this, "Click to show all stack frames", "Click to hide stack frames")'>Click to show all stack frames</a>
<div class='stack-trace' id='stack-trace1405747618'><pre>java.lang.StringIndexOutOfBoundsException: String index out of range: 6
	at java.lang.String.charAt(String.java:646)
	at ir.fanap.business.NationalCodeBusinessImpl.lambda$calculateNationalCodeLastDigit$0(NationalCodeBusinessImpl.java:45)
	at ir.fanap.business.NationalCodeBusinessImpl$$Lambda$102/1593180232.applyAsInt(Unknown Source)
	at java.util.stream.IntPipeline$3$1.accept(IntPipeline.java:233)
	at java.util.stream.Streams$RangeIntSpliterator.forEachRemaining(Streams.java:110)
	at java.util.Spliterator$OfInt.forEachRemaining(Spliterator.java:693)
	at java.util.stream.AbstractPipeline.copyInto(AbstractPipeline.java:512)
	at java.util.stream.AbstractPipeline.wrapAndCopyInto(AbstractPipeline.java:502)
	at java.util.stream.ReduceOps$ReduceOp.evaluateSequential(ReduceOps.java:708)
	at java.util.stream.AbstractPipeline.evaluate(AbstractPipeline.java:234)
	at java.util.stream.IntPipeline.reduce(IntPipeline.java:456)
	at java.util.stream.IntPipeline.sum(IntPipeline.java:414)
	at ir.fanap.business.NationalCodeBusinessImpl.calculateNationalCodeLastDigit(NationalCodeBusinessImpl.java:46)
	at ir.fanap.test.business.NationalCodeBusinessImplTest.testCalculateNationalCodeLastDigit(NationalCodeBusinessImplTest.java:128)
	at sun.reflect.NativeMethodAccessorImpl.invoke0(Native Method)
	at sun.reflect.NativeMethodAccessorImpl.invoke(NativeMethodAccessorImpl.java:62)
	at sun.reflect.DelegatingMethodAccessorImpl.invoke(DelegatingMethodAccessorImpl.java:43)
	at java.lang.reflect.Method.invoke(Method.java:483)
	at org.testng.internal.MethodInvocationHelper.invokeMethod(MethodInvocationHelper.java:133)
	at org.testng.internal.TestInvoker.invokeMethod(TestInvoker.java:598)
	at org.testng.internal.TestInvoker.invokeTestMethod(TestInvoker.java:173)
	at org.testng.internal.MethodRunner.runInSequence(MethodRunner.java:46)
	at org.testng.internal.TestInvoker$MethodInvocationAgent.invoke(TestInvoker.java:824)
	at org.testng.internal.TestInvoker.invokeTestMethods(TestInvoker.java:146)
	at org.testng.internal.TestMethodWorker.invokeTestMethods(TestMethodWorker.java:146)
	at org.testng.internal.TestMethodWorker.run(TestMethodWorker.java:128)
	at org.testng.TestRunner$$Lambda$95/979294118.accept(Unknown Source)
	at java.util.ArrayList.forEach(ArrayList.java:1249)
	at org.testng.TestRunner.privateRun(TestRunner.java:794)
	at org.testng.TestRunner.run(TestRunner.java:596)
	at org.testng.SuiteRunner.runTest(SuiteRunner.java:377)
	at org.testng.SuiteRunner.runSequentially(SuiteRunner.java:371)
	at org.testng.SuiteRunner.privateRun(SuiteRunner.java:332)
	at org.testng.SuiteRunner.run(SuiteRunner.java:276)
	at org.testng.SuiteRunnerWorker.runSuite(SuiteRunnerWorker.java:53)
	at org.testng.SuiteRunnerWorker.run(SuiteRunnerWorker.java:96)
	at org.testng.TestNG.runSuitesSequentially(TestNG.java:1212)
	at org.testng.TestNG.runSuitesLocally(TestNG.java:1134)
	at org.testng.TestNG.runSuites(TestNG.java:1063)
	at org.testng.TestNG.run(TestNG.java:1031)
	at org.apache.maven.surefire.testng.TestNGExecutor.run(TestNGExecutor.java:77)
	at org.apache.maven.surefire.testng.TestNGDirectoryTestSuite.execute(TestNGDirectoryTestSuite.java:110)
	at org.apache.maven.surefire.testng.TestNGProvider.invoke(TestNGProvider.java:106)
	at sun.reflect.NativeMethodAccessorImpl.invoke0(Native Method)
	at sun.reflect.NativeMethodAccessorImpl.invoke(NativeMethodAccessorImpl.java:62)
	at sun.reflect.DelegatingMethodAccessorImpl.invoke(DelegatingMethodAccessorImpl.java:43)
	at java.lang.reflect.Method.invoke(Method.java:483)
	at org.apache.maven.surefire.util.ReflectionUtils.invokeMethodWithArray(ReflectionUtils.java:189)
	at org.apache.maven.surefire.booter.ProviderFactory$ProviderProxy.invoke(ProviderFactory.java:165)
	at org.apache.maven.surefire.booter.ProviderFactory.invokeProvider(ProviderFactory.java:85)
	at org.apache.maven.surefire.booter.ForkedBooter.runSuitesInProcess(ForkedBooter.java:115)
	at org.apache.maven.surefire.booter.ForkedBooter.main(ForkedBooter.java:75)
</pre></div></td>
<td>0</td>
<td>ir.fanap.test.business.NationalCodeBusinessImplTest@402a079c</td></tr>
<tr>
<td title='ir.fanap.test.business.NationalCodeBusinessImplTest.testValidateNationalCode()'><b>testValidateNationalCode</b><br>Test class: ir.fanap.test.business.NationalCodeBusinessImplTest<br>Parameters: NationalCode{nationalCode='null', inputDateTime=2021/04/12 01:27:08, isValid=false}</td>
<td></td>
<td>0</td>
<td>ir.fanap.test.business.NationalCodeBusinessImplTest@402a079c</td></tr>
<tr>
<td title='ir.fanap.test.business.NationalCodeBusinessImplTest.testHasInValidLengthOrDigits()'><b>testHasInValidLengthOrDigits</b><br>Test class: ir.fanap.test.business.NationalCodeBusinessImplTest<br>Parameters: 0123456789012, true</td>
<td></td>
<td>0</td>
<td>ir.fanap.test.business.NationalCodeBusinessImplTest@402a079c</td></tr>
<tr>
<td title='ir.fanap.test.business.NationalCodeBusinessImplTest.testCalculateNationalCodeLastDigit()'><b>testCalculateNationalCodeLastDigit</b><br>Test class: ir.fanap.test.business.NationalCodeBusinessImplTest<br>Parameters: 588927678512, 6</td>
<td></td>
<td>0</td>
<td>ir.fanap.test.business.NationalCodeBusinessImplTest@402a079c</td></tr>
<tr>
<td title='ir.fanap.test.business.NationalCodeBusinessImplTest.testHasInValidLengthOrDigits()'><b>testHasInValidLengthOrDigits</b><br>Test class: ir.fanap.test.business.NationalCodeBusinessImplTest<br>Parameters: 00000000, true</td>
<td></td>
<td>0</td>
<td>ir.fanap.test.business.NationalCodeBusinessImplTest@402a079c</td></tr>
<tr>
<td title='ir.fanap.test.business.NationalCodeBusinessImplTest.testValidateNationalCode()'><b>testValidateNationalCode</b><br>Test class: ir.fanap.test.business.NationalCodeBusinessImplTest<br>Parameters: NationalCode{nationalCode='4310928838', inputDateTime=2021/04/12 01:27:08, isValid=true}</td>
<td></td>
<td>0</td>
<td>ir.fanap.test.business.NationalCodeBusinessImplTest@402a079c</td></tr>
<tr>
<td title='ir.fanap.test.business.NationalCodeBusinessImplTest.testGetPersonUniqueCode()'><b>testGetPersonUniqueCode</b><br>Test class: ir.fanap.test.business.NationalCodeBusinessImplTest</td>
<td><div><pre>java.lang.NullPointerException
	at ir.fanap.business.NationalCodeBusinessImpl.getPersonUniqueCode(NationalCodeBusinessImpl.java:56)
	at ir.fanap.test.business.NationalCodeBusinessImplTest.testGetPersonUniqueCode(NationalCodeBusinessImplTest.java:106)
	at java.util.ArrayList.forEach(ArrayList.java:1249)
... Removed 37 stack frames</pre></div><a href='#' onClick='toggleBox("stack-trace715521683", this, "Click to show all stack frames", "Click to hide stack frames")'>Click to show all stack frames</a>
<div class='stack-trace' id='stack-trace715521683'><pre>java.lang.NullPointerException
	at ir.fanap.business.NationalCodeBusinessImpl.getPersonUniqueCode(NationalCodeBusinessImpl.java:56)
	at ir.fanap.test.business.NationalCodeBusinessImplTest.testGetPersonUniqueCode(NationalCodeBusinessImplTest.java:106)
	at sun.reflect.NativeMethodAccessorImpl.invoke0(Native Method)
	at sun.reflect.NativeMethodAccessorImpl.invoke(NativeMethodAccessorImpl.java:62)
	at sun.reflect.DelegatingMethodAccessorImpl.invoke(DelegatingMethodAccessorImpl.java:43)
	at java.lang.reflect.Method.invoke(Method.java:483)
	at org.testng.internal.MethodInvocationHelper.invokeMethod(MethodInvocationHelper.java:133)
	at org.testng.internal.TestInvoker.invokeMethod(TestInvoker.java:598)
	at org.testng.internal.TestInvoker.invokeTestMethod(TestInvoker.java:173)
	at org.testng.internal.MethodRunner.runInSequence(MethodRunner.java:46)
	at org.testng.internal.TestInvoker$MethodInvocationAgent.invoke(TestInvoker.java:824)
	at org.testng.internal.TestInvoker.invokeTestMethods(TestInvoker.java:146)
	at org.testng.internal.TestMethodWorker.invokeTestMethods(TestMethodWorker.java:146)
	at org.testng.internal.TestMethodWorker.run(TestMethodWorker.java:128)
	at org.testng.TestRunner$$Lambda$95/979294118.accept(Unknown Source)
	at java.util.ArrayList.forEach(ArrayList.java:1249)
	at org.testng.TestRunner.privateRun(TestRunner.java:794)
	at org.testng.TestRunner.run(TestRunner.java:596)
	at org.testng.SuiteRunner.runTest(SuiteRunner.java:377)
	at org.testng.SuiteRunner.runSequentially(SuiteRunner.java:371)
	at org.testng.SuiteRunner.privateRun(SuiteRunner.java:332)
	at org.testng.SuiteRunner.run(SuiteRunner.java:276)
	at org.testng.SuiteRunnerWorker.runSuite(SuiteRunnerWorker.java:53)
	at org.testng.SuiteRunnerWorker.run(SuiteRunnerWorker.java:96)
	at org.testng.TestNG.runSuitesSequentially(TestNG.java:1212)
	at org.testng.TestNG.runSuitesLocally(TestNG.java:1134)
	at org.testng.TestNG.runSuites(TestNG.java:1063)
	at org.testng.TestNG.run(TestNG.java:1031)
	at org.apache.maven.surefire.testng.TestNGExecutor.run(TestNGExecutor.java:77)
	at org.apache.maven.surefire.testng.TestNGDirectoryTestSuite.execute(TestNGDirectoryTestSuite.java:110)
	at org.apache.maven.surefire.testng.TestNGProvider.invoke(TestNGProvider.java:106)
	at sun.reflect.NativeMethodAccessorImpl.invoke0(Native Method)
	at sun.reflect.NativeMethodAccessorImpl.invoke(NativeMethodAccessorImpl.java:62)
	at sun.reflect.DelegatingMethodAccessorImpl.invoke(DelegatingMethodAccessorImpl.java:43)
	at java.lang.reflect.Method.invoke(Method.java:483)
	at org.apache.maven.surefire.util.ReflectionUtils.invokeMethodWithArray(ReflectionUtils.java:189)
	at org.apache.maven.surefire.booter.ProviderFactory$ProviderProxy.invoke(ProviderFactory.java:165)
	at org.apache.maven.surefire.booter.ProviderFactory.invokeProvider(ProviderFactory.java:85)
	at org.apache.maven.surefire.booter.ForkedBooter.runSuitesInProcess(ForkedBooter.java:115)
	at org.apache.maven.surefire.booter.ForkedBooter.main(ForkedBooter.java:75)
</pre></div></td>
<td>0</td>
<td>ir.fanap.test.business.NationalCodeBusinessImplTest@402a079c</td></tr>
<tr>
<td title='ir.fanap.test.business.NationalCodeBusinessImplTest.testCalculateNationalCodeLastDigit()'><b>testCalculateNationalCodeLastDigit</b><br>Test class: ir.fanap.test.business.NationalCodeBusinessImplTest<br>Parameters: 1111111111, 1</td>
<td></td>
<td>0</td>
<td>ir.fanap.test.business.NationalCodeBusinessImplTest@402a079c</td></tr>
<tr>
<td title='ir.fanap.test.business.NationalCodeBusinessImplTest.testGetPersonUniqueCode()'><b>testGetPersonUniqueCode</b><br>Test class: ir.fanap.test.business.NationalCodeBusinessImplTest<br>Parameters: NationalCode{nationalCode='4310928838', inputDateTime=null, isValid=false}, 092883</td>
<td></td>
<td>0</td>
<td>ir.fanap.test.business.NationalCodeBusinessImplTest@402a079c</td></tr>
<tr>
<td title='ir.fanap.test.business.NationalCodeBusinessImplTest.testValidateNationalCode()'><b>testValidateNationalCode</b><br>Test class: ir.fanap.test.business.NationalCodeBusinessImplTest<br>Parameters: NationalCode{nationalCode='5889286706', inputDateTime=2021/04/12 01:27:08, isValid=true}</td>
<td></td>
<td>0</td>
<td>ir.fanap.test.business.NationalCodeBusinessImplTest@402a079c</td></tr>
<tr>
<td title='ir.fanap.test.business.NationalCodeBusinessImplTest.testHasInValidLengthOrDigits()'><b>testHasInValidLengthOrDigits</b><br>Test class: ir.fanap.test.business.NationalCodeBusinessImplTest<br>Parameters: 1111111111, true</td>
<td></td>
<td>0</td>
<td>ir.fanap.test.business.NationalCodeBusinessImplTest@402a079c</td></tr>
</table><p>
</body>
</html>